2023-03-31 11:51:30,782 - INFO - User (1096758909, 'xEnotWhyNotx') selected ('нк-11', 'нк-11')
2023-03-31 11:51:35,365 - INFO - User (1096758909, 'xEnotWhyNotx') selected ('нк-11', 'нк-11')
2023-03-31 12:29:59,085 - INFO - User (1096758909, 'xEnotWhyNotx') entered to admin login menu
2023-03-31 12:30:03,819 - INFO - User (1096758909, 'xEnotWhyNotx') entered to admin panel
2023-03-31 12:32:54,263 - INFO - User (1096758909, 'xEnotWhyNotx') entered to admin login menu
2023-03-31 12:32:59,286 - INFO - User (1096758909, 'xEnotWhyNotx') entered to admin panel
2023-03-31 12:35:33,674 - INFO - User (1096758909, 'xEnotWhyNotx') entered to admin login menu
2023-03-31 12:35:36,535 - INFO - User (1096758909, 'xEnotWhyNotx') entered to admin panel
2023-03-31 12:37:05,151 - INFO - User (1096758909, 'xEnotWhyNotx') entered to admin login menu
2023-03-31 12:37:08,151 - INFO - User (1096758909, 'xEnotWhyNotx') entered to admin panel
2023-03-31 12:38:18,351 - INFO - User (1096758909, 'xEnotWhyNotx') entered to admin login menu
2023-03-31 12:38:20,963 - INFO - User (1096758909, 'xEnotWhyNotx') entered to admin panel
2023-03-31 12:45:56,711 - INFO - User (1096758909, 'xEnotWhyNotx') entered to admin login menu
2023-03-31 12:45:59,487 - INFO - User (1096758909, 'xEnotWhyNotx') entered to admin panel
2023-03-31 12:51:39,258 - INFO - User (1096758909, 'xEnotWhyNotx') entered to admin login menu
2023-03-31 12:51:42,242 - INFO - User (1096758909, 'xEnotWhyNotx') entered to admin panel
2023-03-31 12:51:54,607 - INFO - User (1096758909, 'xEnotWhyNotx') selected ('нк-11', 'нк-11')
2023-03-31 12:52:48,347 - INFO - User (1096758909, 'xEnotWhyNotx') entered to admin login menu
2023-03-31 12:52:51,009 - INFO - User (1096758909, 'xEnotWhyNotx') entered to admin panel
2023-03-31 12:53:54,670 - INFO - User (1096758909, 'xEnotWhyNotx') entered to admin login menu
2023-03-31 12:53:57,589 - INFO - User (1096758909, 'xEnotWhyNotx') entered to admin panel
2023-03-31 13:36:54,048 - INFO - User (1096758909, 'xEnotWhyNotx') entered to admin login menu
2023-03-31 13:36:58,293 - INFO - User (1096758909, 'xEnotWhyNotx') entered to admin panel
2023-09-04 01:11:16,736 - INFO - User (1096758909, 'xEnotWhyNotx') selected ('нк-11', 'нк-11')
2023-09-04 10:54:16,667 - INFO - User (1096758909, 'xEnotWhyNotx') started the bot
2023-09-04 10:54:21,615 - INFO - User (1096758909, 'xEnotWhyNotx') selected ('нк-11', 'нк-11')
2023-09-04 11:03:44,441 - INFO - User (1096758909, 'xEnotWhyNotx') started the bot
2023-09-04 11:03:53,711 - INFO - User (1096758909, 'xEnotWhyNotx') entered to help menu
2023-09-04 11:04:10,148 - INFO - User (1096758909, 'xEnotWhyNotx') selected ('нк-11', 'нк-11')
2023-09-04 11:05:46,874 - INFO - User (1096758909, 'xEnotWhyNotx') selected ('нк-21', 'нк-21,22')
2023-09-04 11:08:44,177 - INFO - User (1096758909, 'xEnotWhyNotx') selected ('нк-21', 'нк-21,22')
2023-09-04 11:14:09,847 - INFO - User (1096758909, 'xEnotWhyNotx') selected ('нк-21', 'нк-21,22')
2023-09-04 11:17:37,772 - INFO - User (1096758909, 'xEnotWhyNotx') selected ('нк-21', 'нк-21,22')
2023-09-04 11:23:28,502 - INFO - User (1096758909, 'xEnotWhyNotx') selected ('нк-21', 'нк-21,22')
2023-09-04 11:23:58,770 - INFO - User (1096758909, 'xEnotWhyNotx') selected ('нк-11', 'нк-11')
2023-09-04 11:27:34,239 - INFO - User (1096758909, 'xEnotWhyNotx') selected ('нк-11', 'нк-11')
2023-09-04 11:28:29,578 - INFO - User (1096758909, 'xEnotWhyNotx') selected ('нк-11', 'нк-11')
2023-09-04 11:29:04,934 - INFO - User (1096758909, 'xEnotWhyNotx') selected ('нк-11', 'нк-11')
2023-09-04 11:29:37,451 - INFO - User (1096758909, 'xEnotWhyNotx') selected ('нк-11', 'нк-11')
2023-09-04 11:35:57,003 - INFO - User (1096758909, 'xEnotWhyNotx') selected ('нк-11', 'нк-11')
