2023-03-30 15:24:21,230 - (1096758909, 'xEnotWhyNotx')
2023-03-30 15:28:02,860 - (1044706596, 'DimasAue777')
2023-03-30 15:28:02,861 - (1044706596, 'DimasAue777')
2023-03-30 15:28:02,861 - (1096758909, 'xEnotWhyNotx')
2023-03-30 15:28:02,862 - (1044706596, 'DimasAue777')
2023-03-30 15:28:02,863 - (1044706596, 'DimasAue777')
2023-03-30 15:28:02,863 - (1096758909, 'xEnotWhyNotx')
2023-03-30 15:29:38,224 - (920467775, None)
2023-03-30 15:40:44,348 - (903772941, 'B1mnup')
2023-03-30 15:40:58,048 - (1062197131, 'kirillclown')
2023-03-30 15:41:00,899 - (1062197131, 'kirillclown')
2023-03-30 15:41:04,191 - (903772941, 'B1mnup')
2023-03-30 15:41:09,884 - (903772941, 'B1mnup')
2023-03-30 15:41:15,617 - (903772941, 'B1mnup')
2023-03-30 15:41:27,560 - (1062197131, 'kirillclown')
2023-03-30 15:41:33,562 - (1062197131, 'kirillclown')
2023-03-30 15:41:35,538 - (903772941, 'B1mnup')
2023-03-30 15:41:35,540 - (1062197131, 'kirillclown')
2023-03-30 15:41:43,236 - (903772941, 'B1mnup')
2023-03-30 15:41:47,616 - (1062197131, 'kirillclown')
2023-03-30 15:41:49,491 - (1062197131, 'kirillclown')
2023-03-30 15:43:22,148 - (803138045, None)
2023-03-30 15:43:37,818 - (803138045, None)
2023-03-30 16:07:33,491 - (2058802100, 'Kugisaki_s')
2023-03-30 16:09:29,114 - (676773977, 'Baldessh')
2023-03-30 16:09:35,858 - (676773977, 'Baldessh')
2023-03-30 16:10:31,362 - (803138045, None)
2023-03-30 16:11:44,713 - (5013839169, None)
2023-03-30 16:11:50,851 - (5013839169, None)
2023-03-30 16:11:51,547 - (1062197131, 'kirillclown')
2023-03-30 16:12:09,953 - (676773977, 'Baldessh')
2023-03-30 16:12:17,177 - (676773977, 'Baldessh')
2023-03-30 16:12:32,425 - (1062197131, 'kirillclown')
2023-03-30 16:12:34,811 - (1062197131, 'kirillclown')
2023-03-30 16:12:36,525 - (903772941, 'B1mnup')
2023-03-30 16:12:41,414 - (903772941, 'B1mnup')
2023-03-30 16:12:43,493 - (903772941, 'B1mnup')
2023-03-30 16:12:44,947 - (1062197131, 'kirillclown')
2023-03-30 16:12:45,096 - (903772941, 'B1mnup')
2023-03-30 16:12:48,194 - (676773977, 'Baldessh')
2023-03-30 16:12:53,325 - (903772941, 'B1mnup')
2023-03-30 16:12:56,640 - (1062197131, 'kirillclown')
2023-03-30 16:12:58,026 - (676773977, 'Baldessh')
2023-03-30 16:13:04,472 - (1062197131, 'kirillclown')
2023-03-30 16:13:06,988 - (676773977, 'Baldessh')
2023-03-30 16:13:09,239 - (903772941, 'B1mnup')
2023-03-30 16:13:14,805 - (676773977, 'Baldessh')
2023-03-30 16:13:14,954 - (903772941, 'B1mnup')
2023-03-30 16:13:16,844 - (903772941, 'B1mnup')
2023-03-30 16:13:26,079 - (1062197131, 'kirillclown')
2023-03-30 16:13:32,926 - (676773977, 'Baldessh')
2023-03-30 16:13:56,387 - (1062197131, 'kirillclown')
2023-03-30 16:13:57,552 - (1096758909, 'xEnotWhyNotx')
2023-03-30 16:13:58,968 - (1062197131, 'kirillclown')
2023-03-30 16:14:02,685 - (1062197131, 'kirillclown')
2023-03-30 16:14:07,400 - (1062197131, 'kirillclown')
2023-03-30 16:14:21,163 - (1062197131, 'kirillclown')
2023-03-30 16:14:21,422 - (1096758909, 'xEnotWhyNotx')
2023-03-30 16:14:27,447 - (676773977, 'Baldessh')
2023-03-30 16:14:30,304 - (1062197131, 'kirillclown')
2023-03-30 16:14:32,324 - (1062197131, 'kirillclown')
2023-03-30 16:14:36,016 - (676773977, 'Baldessh')
2023-03-30 16:14:43,934 - (1096758909, 'xEnotWhyNotx')
2023-03-30 16:14:43,936 - (1096758909, 'xEnotWhyNotx')
2023-03-30 16:14:43,937 - (1096758909, 'xEnotWhyNotx')
2023-03-30 16:14:47,815 - (676773977, 'Baldessh')
2023-03-30 16:14:49,128 - (1096758909, 'xEnotWhyNotx')
2023-03-30 16:14:50,335 - (1062197131, 'kirillclown')
2023-03-30 16:14:53,420 - (803138045, None)
2023-03-30 16:14:57,845 - (676773977, 'Baldessh')
2023-03-30 16:14:59,502 - (676773977, 'Baldessh')
2023-03-30 16:15:07,248 - (1062197131, 'kirillclown')
2023-03-30 16:15:13,599 - (1062197131, 'kirillclown')
2023-03-30 16:15:16,286 - (676773977, 'Baldessh')
2023-03-30 16:15:19,753 - (676773977, 'Baldessh')
2023-03-30 16:15:20,287 - (1062197131, 'kirillclown')
2023-03-30 16:15:56,103 - (676773977, 'Baldessh')
2023-03-30 16:16:07,626 - (676773977, 'Baldessh')
2023-03-30 16:16:24,141 - (1062197131, 'kirillclown')
2023-03-30 16:17:01,409 - (903772941, 'B1mnup')
2023-03-30 16:17:05,716 - (903772941, 'B1mnup')
2023-03-30 16:17:07,644 - (903772941, 'B1mnup')
2023-03-30 16:17:08,766 - (903772941, 'B1mnup')
2023-03-30 16:17:11,324 - (903772941, 'B1mnup')
2023-03-30 16:17:12,929 - (903772941, 'B1mnup')
2023-03-30 16:17:17,797 - (676773977, 'Baldessh')
2023-03-30 16:17:27,495 - (676773977, 'Baldessh')
2023-03-30 16:17:30,692 - (676773977, 'Baldessh')
2023-03-30 16:17:33,063 - (903772941, 'B1mnup')
2023-03-30 17:06:16,787 - (1062197131, 'kirillclown')
2023-03-30 17:09:27,937 - (1005214283, 'mistress_jon_min')
2023-03-30 17:09:42,832 - (1005214283, 'mistress_jon_min')
2023-03-30 17:14:16,751 - (903772941, 'B1mnup')
2023-03-30 17:14:20,031 - (903772941, 'B1mnup')
2023-03-30 17:20:37,244 - (1062197131, 'kirillclown')
2023-03-30 17:20:40,218 - (1062197131, 'kirillclown')
2023-03-30 17:20:44,921 - (1062197131, 'kirillclown')
2023-03-30 17:20:48,834 - (903772941, 'B1mnup')
2023-03-30 17:20:54,140 - (1062197131, 'kirillclown')
2023-03-30 17:20:54,294 - (903772941, 'B1mnup')
2023-03-30 17:21:02,227 - (1062197131, 'kirillclown')
2023-03-30 17:21:12,388 - (903772941, 'B1mnup')
2023-03-30 17:21:16,977 - (903772941, 'B1mnup')
2023-03-30 17:21:25,494 - (1062197131, 'kirillclown')
2023-03-30 17:21:32,944 - (903772941, 'B1mnup')
2023-03-30 17:24:02,612 - (1452429386, 'Jordan230032')
2023-03-30 17:24:24,125 - (1452429386, 'Jordan230032')
2023-03-30 17:26:58,661 - (1555863663, 'IBruno_32I')
2023-03-30 17:28:18,875 - (1065342440, 'Sykayakto')
2023-03-30 17:44:38,770 - (873600769, None)
2023-03-30 17:44:54,618 - (873600769, None)
2023-03-30 17:46:51,866 - (823917025, 'Ivanman03')
2023-03-30 17:47:34,458 - (1096758909, 'xEnotWhyNotx')
2023-03-30 17:47:53,555 - (823917025, 'Ivanman03')
2023-03-30 17:48:03,815 - (823917025, 'Ivanman03')
2023-03-30 17:48:13,420 - (1096758909, 'xEnotWhyNotx')
2023-03-30 17:48:16,764 - (1096758909, 'xEnotWhyNotx')
2023-03-30 17:48:21,685 - (823917025, 'Ivanman03')
2023-03-30 18:27:35,233 - (1224344853, 'chywhki')
2023-03-30 18:33:06,154 - (933775941, 'hallowweennnn')
2023-03-30 18:33:09,099 - (933775941, 'hallowweennnn')
2023-03-30 18:33:39,980 - (903772941, 'B1mnup')
2023-03-30 18:33:46,399 - (903772941, 'B1mnup')
2023-03-30 18:34:15,168 - (933775941, 'hallowweennnn')
2023-03-30 18:35:17,471 - (903772941, 'B1mnup')
2023-03-30 18:35:20,507 - (903772941, 'B1mnup')
2023-03-30 18:35:27,480 - (903772941, 'B1mnup')
2023-03-30 18:44:02,602 - (933775941, 'hallowweennnn')
2023-03-30 18:44:14,676 - (949085114, None)
2023-03-30 18:44:35,722 - (933775941, 'hallowweennnn')
2023-03-30 18:49:14,652 - (949085114, None)
2023-03-30 18:49:16,774 - (949085114, None)
2023-03-30 18:52:05,532 - (933775941, 'hallowweennnn')
2023-03-30 18:52:09,748 - (933775941, 'hallowweennnn')
2023-03-30 19:29:40,202 - (1400107157, None)
2023-03-30 19:30:03,706 - (1400107157, None)
2023-03-30 20:15:32,484 - (1044706596, 'DimasAue777')
2023-03-30 20:21:17,977 - (959578996, 'crazy_kamenchik')
2023-03-30 20:21:45,946 - (959578996, 'crazy_kamenchik')
2023-03-30 21:10:22,171 - (1501754206, 'Merci_3')
2023-03-30 21:10:46,044 - (1501754206, 'Merci_3')
2023-03-30 21:11:06,785 - (1501754206, 'Merci_3')
2023-03-30 21:26:02,642 - (1062197131, 'kirillclown')
2023-03-30 21:26:10,427 - (903772941, 'B1mnup')
2023-03-30 21:26:23,531 - (1062197131, 'kirillclown')
2023-03-30 21:26:33,590 - (903772941, 'B1mnup')
2023-03-30 21:32:58,341 - (630049588, 'chapprod')
2023-03-30 21:38:21,963 - (1400107157, None)
2023-03-30 21:38:52,781 - (630049588, 'chapprod')
2023-03-30 21:52:13,708 - (903772941, 'B1mnup')
2023-03-30 21:52:31,539 - (903772941, 'B1mnup')
2023-03-30 21:52:33,776 - (903772941, 'B1mnup')
2023-03-30 21:53:13,813 - (898089716, 'Grim_VI')
2023-03-30 21:53:15,359 - (898089716, 'Grim_VI')
2023-03-30 21:53:43,724 - (676773977, 'Baldessh')
2023-03-30 21:53:53,464 - (898089716, 'Grim_VI')
2023-03-30 21:53:57,486 - (898089716, 'Grim_VI')
2023-03-30 21:54:15,024 - (676773977, 'Baldessh')
2023-03-30 21:54:18,950 - (676773977, 'Baldessh')
2023-03-30 21:58:24,254 - (1400107157, None)
2023-03-30 22:03:52,418 - (1062197131, 'kirillclown')
2023-03-30 22:03:54,796 - (1062197131, 'kirillclown')
2023-03-30 22:03:55,804 - (1062197131, 'kirillclown')
2023-03-30 22:04:01,957 - (903772941, 'B1mnup')
2023-03-30 22:12:05,117 - (898089716, 'Grim_VI')
2023-03-30 22:12:36,930 - (1400107157, None)
2023-03-31 03:46:20,598 - (5013839169, None)
2023-03-31 03:55:43,585 - (1895631684, 'LAZYsumpy')
2023-03-31 04:17:05,369 - (944310414, None)
2023-03-31 04:17:13,864 - (944310414, None)
2023-03-31 04:33:42,230 - (5385557575, 'Officia_Player')
2023-03-31 04:35:26,485 - (991251825, 'll_ZeD_ll')
2023-03-31 04:37:45,978 - (590373251, 'sosya111')
2023-03-31 04:49:57,927 - (5385557575, 'Officia_Player')
2023-03-31 05:02:52,900 - (5550906763, 'j369dxb')
2023-03-31 05:17:10,488 - (1278589380, 'M1CASO')
2023-03-31 05:27:33,588 - (1260961248, 'kultmane')
2023-03-31 05:43:35,620 - (959578996, 'crazy_kamenchik')
2023-03-31 05:44:42,917 - (949085114, None)
2023-03-31 05:59:15,923 - (1005214283, 'mistress_jon_min')
2023-03-31 06:42:36,553 - (719867272, 'sm_0995')
2023-03-31 06:48:05,142 - (719867272, 'sm_0995')
2023-03-31 06:48:11,713 - (719867272, 'sm_0995')
2023-03-31 06:48:24,269 - (719867272, 'sm_0995')
2023-03-31 06:48:27,943 - (920467775, None)
2023-03-31 08:26:08,415 - (1096758909, 'xEnotWhyNotx')
2023-03-31 08:35:00,435 - (5419923335, None)
2023-03-31 08:35:59,640 - (5419923335, None)
2023-03-31 08:36:09,129 - (5419923335, None)
2023-03-31 08:36:20,048 - (5419923335, None)
2023-03-31 08:41:35,106 - (323583763, 'enxb1ed')
2023-03-31 09:01:12,326 - (898089716, 'Grim_VI')
2023-03-31 09:01:49,003 - (1135297056, None)
2023-03-31 09:28:12,393 - (1090083592, 'dimon120')
2023-03-31 09:54:39,889 - (1124878633, None)
2023-03-31 09:55:36,273 - (1124878633, None)
